astree.o:
     $Id: auxlib.h,v 1.2 2013-10-14 22:24:58-07 - - $
     $Id: astree.h,v 1.1 2013-10-28 03:34:20-07 - - $
     $Id: lyutils.h,v 1.1 2013-10-28 03:34:20-07 - - $
     $Id: astree.cc,v 1.1 2013-10-28 03:34:20-07 - - $
     $Compiled: astree.cc Dec  4 2013 23:16:04 $

lyutils.o:
     $Id: auxlib.h,v 1.2 2013-10-14 22:24:58-07 - - $
     $Id: astree.h,v 1.1 2013-10-28 03:34:20-07 - - $
     $Id: lyutils.h,v 1.1 2013-10-28 03:34:20-07 - - $
     $Id: lyutils.cc,v 1.1 2013-10-28 03:34:20-07 - - $
     $Compiled: lyutils.cc Nov 26 2013 23:54:31 $

auxlib.o:
     $Id: auxlib.h,v 1.2 2013-10-14 22:24:58-07 - - $
     $Id: auxlib.cc,v 1.2 2013-10-14 22:24:58-07 - - $
     $Compiled: auxlib.cc Oct 28 2013 23:11:24 $

stringset.o:
     $Id: auxlib.h,v 1.2 2013-10-14 22:24:58-07 - - $

symtable.o:
     $Id: auxlib.h,v 1.2 2013-10-14 22:24:58-07 - - $

oc.o:
     $Id: auxlib.h,v 1.2 2013-10-14 22:24:58-07 - - $
     $Id: astree.h,v 1.1 2013-10-28 03:34:20-07 - - $
     $Id: lyutils.h,v 1.1 2013-10-28 03:34:20-07 - - $

yylex.o:
     $Id: auxlib.h,v 1.2 2013-10-14 22:24:58-07 - - $
     $Id: astree.h,v 1.1 2013-10-28 03:34:20-07 - - $
     $Id: lyutils.h,v 1.1 2013-10-28 03:34:20-07 - - $
     $Id: scanner.l,v 1.2 2013-10-28 22:54:59-07 - - $
     $Compiled: scanner.l Nov 26 2013 20:26:10 $

yyparse.o:
     $Id: auxlib.h,v 1.2 2013-10-14 22:24:58-07 - - $
     $Id: astree.h,v 1.1 2013-10-28 03:34:20-07 - - $
     $Id: lyutils.h,v 1.1 2013-10-28 03:34:20-07 - - $

oc:
     $Id: auxlib.h,v 1.2 2013-10-14 22:24:58-07 - - $
     $Id: astree.h,v 1.1 2013-10-28 03:34:20-07 - - $
     $Id: lyutils.h,v 1.1 2013-10-28 03:34:20-07 - - $
     $Id: astree.cc,v 1.1 2013-10-28 03:34:20-07 - - $
     $Compiled: astree.cc Dec  4 2013 23:16:04 $
     $Id: auxlib.h,v 1.2 2013-10-14 22:24:58-07 - - $
     $Id: astree.h,v 1.1 2013-10-28 03:34:20-07 - - $
     $Id: lyutils.h,v 1.1 2013-10-28 03:34:20-07 - - $
     $Id: lyutils.cc,v 1.1 2013-10-28 03:34:20-07 - - $
     $Compiled: lyutils.cc Nov 26 2013 23:54:31 $
     $Id: auxlib.h,v 1.2 2013-10-14 22:24:58-07 - - $
     $Id: auxlib.cc,v 1.2 2013-10-14 22:24:58-07 - - $
     $Compiled: auxlib.cc Oct 28 2013 23:11:24 $
     $Id: auxlib.h,v 1.2 2013-10-14 22:24:58-07 - - $
     $Id: auxlib.h,v 1.2 2013-10-14 22:24:58-07 - - $
     $Id: auxlib.h,v 1.2 2013-10-14 22:24:58-07 - - $
     $Id: astree.h,v 1.1 2013-10-28 03:34:20-07 - - $
     $Id: lyutils.h,v 1.1 2013-10-28 03:34:20-07 - - $
     $Id: auxlib.h,v 1.2 2013-10-14 22:24:58-07 - - $
     $Id: astree.h,v 1.1 2013-10-28 03:34:20-07 - - $
     $Id: lyutils.h,v 1.1 2013-10-28 03:34:20-07 - - $
     $Id: scanner.l,v 1.2 2013-10-28 22:54:59-07 - - $
     $Compiled: scanner.l Nov 26 2013 20:26:10 $
     $Id: auxlib.h,v 1.2 2013-10-14 22:24:58-07 - - $
     $Id: astree.h,v 1.1 2013-10-28 03:34:20-07 - - $
     $Id: lyutils.h,v 1.1 2013-10-28 03:34:20-07 - - $
